
Showing logs for build [32mmeta-cb-kubecd-environment-pr-5-9khk5-1[0m stage [32mmeta-pipeline[0m and container [32mstep-credential-initializer-sq8t5[0m
{"level":"warn","ts":1568056950.5780642,"logger":"fallback-logger","caller":"logging/config.go:69","msg":"Fetch GitHub commit ID from kodata failed: \"ref: refs/heads/master\" is not a valid GitHub commit ID"}
{"level":"info","ts":1568056950.5788178,"logger":"fallback-logger","caller":"creds-init/main.go:40","msg":"Credentials initialized."}

Showing logs for build [32mmeta-cb-kubecd-environment-pr-5-9khk5-1[0m stage [32mmeta-pipeline[0m and container [32mstep-working-dir-initializer-hdmt4[0m
{"level":"warn","ts":1568056951.5691926,"logger":"fallback-logger","caller":"logging/config.go:69","msg":"Fetch GitHub commit ID from kodata failed: open /var/run/ko/HEAD: no such file or directory"}
{"level":"info","ts":1568056951.5750234,"logger":"fallback-logger","caller":"bash/main.go:65","msg":"Successfully executed command \"mkdir -p /workspace/source\""}

Showing logs for build [32mmeta-cb-kubecd-environment-pr-5-9khk5-1[0m stage [32mmeta-pipeline[0m and container [32mstep-place-tools[0m

Showing logs for build [32mmeta-cb-kubecd-environment-pr-5-9khk5-1[0m stage [32mmeta-pipeline[0m and container [32mstep-git-source-meta-cb-kubecd-environment-pr-5-d2446[0m
{"level":"warn","ts":1568056957.6480281,"logger":"fallback-logger","caller":"logging/config.go:69","msg":"Fetch GitHub commit ID from kodata failed: \"ref: refs/heads/master\" is not a valid GitHub commit ID"}
{"level":"info","ts":1568056958.717944,"logger":"fallback-logger","caller":"git/git.go:102","msg":"Successfully cloned https://github.com/cb-kubecd/environment-pr-5390-19-tekton-gkebdd-production.git @ 4b291534d1eba56438307d0092c290ad279db292 in path /workspace/source"}

Showing logs for build [32mmeta-cb-kubecd-environment-pr-5-9khk5-1[0m stage [32mmeta-pipeline[0m and container [32mstep-git-merge[0m
Using SHAs from PULL_REFS=master:4b291534d1eba56438307d0092c290ad279db292,1:c13b1af57f290932979a2e61bfed767869b0329e
DEBUG: ran git fetch --unshallow origin c13b1af57f290932979a2e61bfed767869b0329e: 4b291534d1eba56438307d0092c290ad279db292: in 
DEBUG: ran git checkout master in 
DEBUG: ran git reset --hard 4b291534d1eba56438307d0092c290ad279db292 in 
DEBUG: ran clean --force -d . in 
DEBUG: ran git merge c13b1af57f290932979a2e61bfed767869b0329e in 
Merged SHA c13b1af57f290932979a2e61bfed767869b0329e with commit message 'chore: Promote bdd-spring-1568056143 to version 0.0.1' into base branch master

Showing logs for build [32mmeta-cb-kubecd-environment-pr-5-9khk5-1[0m stage [32mmeta-pipeline[0m and container [32mstep-merge-pull-refs[0m
DEBUG: ran git fetch origin c13b1af57f290932979a2e61bfed767869b0329e: 4b291534d1eba56438307d0092c290ad279db292: in 
DEBUG: Unshallowed git repo in 
DEBUG: ran git checkout master in 
DEBUG: ran git reset --hard 4b291534d1eba56438307d0092c290ad279db292 in 
DEBUG: ran clean --force -d . in 
DEBUG: ran git merge c13b1af57f290932979a2e61bfed767869b0329e in 
Merged SHA c13b1af57f290932979a2e61bfed767869b0329e with commit message 'chore: Promote bdd-spring-1568056143 to version 0.0.1' into base branch master

Showing logs for build [32mmeta-cb-kubecd-environment-pr-5-9khk5-1[0m stage [32mmeta-pipeline[0m and container [32mstep-create-effective-pipeline[0m
Deleting and cloning the Jenkins X versions repo
Cloning the Jenkins X versions repo https://github.com/jenkins-x/jenkins-x-versions.git with ref refs/heads/master to /builder/home/.**/jenkins-x-versions
selected pack: /builder/home/.**/draft/packs/github.com/jenkins-x-buildpacks/jenkins-x-kubernetes/packs/environment
Effective pipeline written to jenkins-x-promotion-build-effective.yml

Showing logs for build [32mmeta-cb-kubecd-environment-pr-5-9khk5-1[0m stage [32mmeta-pipeline[0m and container [32mstep-create-tekton-crds[0m
PipelineActivity for cb-kubecd-environment-pr-5390-19-tekton-gkebdd-production-PR-1-1
Applying changes 
upserted PipelineResource cb-kubecd-environment-pr-5390-1 for the git repository https://github.com/cb-kubecd/environment-pr-5390-19-tekton-gkebdd-production.git
upserted Task cb-kubecd-environment-pr-5390-1-vdzhj-from-build-pack-1
upserted Pipeline cb-kubecd-environment-pr-5390-1-vdzhj-1
created PipelineRun cb-kubecd-environment-pr-5390-1-vdzhj-1
created PipelineStructure cb-kubecd-environment-pr-5390-1-vdzhj-1

waiting for stage [32mfrom-build-pack[0m : container [32mstep-credential-initializer-tnbzm[0m to start...


Showing logs for build [32mmeta-cb-kubecd-environment-pr-5-9khk5-1[0m stage [32mfrom-build-pack[0m and container [32mstep-credential-initializer-tnbzm[0m
{"level":"warn","ts":1568056971.7495103,"logger":"fallback-logger","caller":"logging/config.go:69","msg":"Fetch GitHub commit ID from kodata failed: \"ref: refs/heads/master\" is not a valid GitHub commit ID"}
{"level":"info","ts":1568056971.7505355,"logger":"fallback-logger","caller":"creds-init/main.go:40","msg":"Credentials initialized."}

waiting for stage [32mfrom-build-pack[0m : container [32mstep-working-dir-initializer-p2wph[0m to start...


Showing logs for build [32mmeta-cb-kubecd-environment-pr-5-9khk5-1[0m stage [32mfrom-build-pack[0m and container [32mstep-working-dir-initializer-p2wph[0m
{"level":"warn","ts":1568056972.662474,"logger":"fallback-logger","caller":"logging/config.go:69","msg":"Fetch GitHub commit ID from kodata failed: open /var/run/ko/HEAD: no such file or directory"}
{"level":"info","ts":1568056972.6735566,"logger":"fallback-logger","caller":"bash/main.go:65","msg":"Successfully executed command \"mkdir -p /workspace/source /workspace/source/env\""}

waiting for stage [32mfrom-build-pack[0m : container [32mstep-place-tools[0m to start...


Showing logs for build [32mmeta-cb-kubecd-environment-pr-5-9khk5-1[0m stage [32mfrom-build-pack[0m and container [32mstep-place-tools[0m

waiting for stage [32mfrom-build-pack[0m : container [32mstep-git-source-cb-kubecd-environment-pr-5390-1-gf6tk[0m to start...


Showing logs for build [32mmeta-cb-kubecd-environment-pr-5-9khk5-1[0m stage [32mfrom-build-pack[0m and container [32mstep-git-source-cb-kubecd-environment-pr-5390-1-gf6tk[0m
{"level":"warn","ts":1568056977.7555156,"logger":"fallback-logger","caller":"logging/config.go:69","msg":"Fetch GitHub commit ID from kodata failed: \"ref: refs/heads/master\" is not a valid GitHub commit ID"}
{"level":"info","ts":1568056978.8440058,"logger":"fallback-logger","caller":"git/git.go:102","msg":"Successfully cloned https://github.com/cb-kubecd/environment-pr-5390-19-tekton-gkebdd-production.git @ master in path /workspace/source"}

waiting for stage [32mfrom-build-pack[0m : container [32mstep-git-merge[0m to start...


Showing logs for build [32mmeta-cb-kubecd-environment-pr-5-9khk5-1[0m stage [32mfrom-build-pack[0m and container [32mstep-git-merge[0m
Using SHAs from PULL_REFS=master:4b291534d1eba56438307d0092c290ad279db292,1:c13b1af57f290932979a2e61bfed767869b0329e
DEBUG: ran git fetch --unshallow origin c13b1af57f290932979a2e61bfed767869b0329e: 4b291534d1eba56438307d0092c290ad279db292: in 
DEBUG: ran git checkout master in 
DEBUG: ran git reset --hard 4b291534d1eba56438307d0092c290ad279db292 in 
DEBUG: ran clean --force -d . in 
DEBUG: ran git merge c13b1af57f290932979a2e61bfed767869b0329e in 
Merged SHA c13b1af57f290932979a2e61bfed767869b0329e with commit message 'chore: Promote bdd-spring-1568056143 to version 0.0.1' into base branch master

waiting for stage [32mfrom-build-pack[0m : container [32mstep-build-helm-build[0m to start...


Showing logs for build [32mmeta-cb-kubecd-environment-pr-5-9khk5-1[0m stage [32mfrom-build-pack[0m and container [32mstep-build-helm-build[0m
WARNING: No $CHART_REPOSITORY defined so using the default value of: http://jenkins-x-chartmuseum:8080
Adding missing Helm repo: storage.googleapis.com https://storage.googleapis.com/chartmuseum.jenkins-x.io
Successfully added Helm repository storage.googleapis.com.
Adding missing Helm repo: jenkins-x-chartmuseum http://jenkins-x-chartmuseum:8080
Successfully added Helm repository jenkins-x-chartmuseum.
WARNING: No $CHART_REPOSITORY defined so using the default value of: http://jenkins-x-chartmuseum:8080
Adding missing Helm repo: chartmuseum.jenkins-x.io http://chartmuseum.jenkins-x.io
Successfully added Helm repository chartmuseum.jenkins-x.io.
